0 info it worked if it ends with ok
1 verbose cli [ 'node', '/usr/local/bin/npm', 'install', 'cairo' ]
2 info using npm@2.5.1
3 info using node@v0.12.0
4 silly cache add args [ 'cairo', null ]
5 verbose cache add spec cairo
6 silly cache add parsed spec { raw: 'cairo',
6 silly cache add   scope: null,
6 silly cache add   name: 'cairo',
6 silly cache add   rawSpec: '',
6 silly cache add   spec: '*',
6 silly cache add   type: 'range' }
7 verbose addNamed cairo@*
8 silly addNamed semver.valid null
9 silly addNamed semver.validRange *
10 silly addNameRange { name: 'cairo', range: '*', hasData: false }
11 silly mapToRegistry name cairo
12 silly mapToRegistry using default registry
13 silly mapToRegistry registry https://registry.npmjs.org/
14 silly mapToRegistry uri https://registry.npmjs.org/cairo
15 verbose addNameRange registry:https://registry.npmjs.org/cairo not in flight; fetching
16 verbose request uri https://registry.npmjs.org/cairo
17 verbose request no auth needed
18 info attempt registry request try #1 at 4:15:26 PM
19 verbose request id 910c2c0a76e6e20a
20 http request GET https://registry.npmjs.org/cairo
21 http 404 https://registry.npmjs.org/cairo
22 verbose headers { 'content-type': 'application/json',
22 verbose headers   'cache-control': 'max-age=0',
22 verbose headers   'content-length': '2',
22 verbose headers   'accept-ranges': 'bytes',
22 verbose headers   date: 'Mon, 21 Mar 2016 16:15:22 GMT',
22 verbose headers   via: '1.1 varnish',
22 verbose headers   age: '0',
22 verbose headers   connection: 'keep-alive',
22 verbose headers   'x-served-by': 'cache-lhr6325-LHR',
22 verbose headers   'x-cache': 'MISS',
22 verbose headers   'x-cache-hits': '0',
22 verbose headers   'x-timer': 'S1458576921.906477,VS0,VE175' }
23 silly get cb [ 404,
23 silly get   { 'content-type': 'application/json',
23 silly get     'cache-control': 'max-age=0',
23 silly get     'content-length': '2',
23 silly get     'accept-ranges': 'bytes',
23 silly get     date: 'Mon, 21 Mar 2016 16:15:22 GMT',
23 silly get     via: '1.1 varnish',
23 silly get     age: '0',
23 silly get     connection: 'keep-alive',
23 silly get     'x-served-by': 'cache-lhr6325-LHR',
23 silly get     'x-cache': 'MISS',
23 silly get     'x-cache-hits': '0',
23 silly get     'x-timer': 'S1458576921.906477,VS0,VE175' } ]
24 verbose stack Error: Registry returned 404 for GET on https://registry.npmjs.org/cairo
24 verbose stack     at CachingRegistryClient.<anonymous> (/usr/local/lib/node_modules/npm/node_modules/npm-registry-client/lib/request.js:244:14)
24 verbose stack     at Request._callback (/usr/local/lib/node_modules/npm/node_modules/npm-registry-client/lib/request.js:178:14)
24 verbose stack     at Request.self.callback (/usr/local/lib/node_modules/npm/node_modules/request/request.js:344:22)
24 verbose stack     at Request.emit (events.js:110:17)
24 verbose stack     at Request.<anonymous> (/usr/local/lib/node_modules/npm/node_modules/request/request.js:1239:14)
24 verbose stack     at Request.emit (events.js:129:20)
24 verbose stack     at IncomingMessage.<anonymous> (/usr/local/lib/node_modules/npm/node_modules/request/request.js:1187:12)
24 verbose stack     at IncomingMessage.emit (events.js:129:20)
24 verbose stack     at _stream_readable.js:908:16
24 verbose stack     at process._tickCallback (node.js:355:11)
25 verbose statusCode 404
26 verbose pkgid cairo
27 verbose cwd /Users/benlongden/Google Drive/Work/Repos/Beata
28 error Darwin 14.1.0
29 error argv "node" "/usr/local/bin/npm" "install" "cairo"
30 error node v0.12.0
31 error npm  v2.5.1
32 error code E404
33 error 404 Registry returned 404 for GET on https://registry.npmjs.org/cairo
33 error 404
33 error 404 'cairo' is not in the npm registry.
33 error 404 You should bug the author to publish it (or use the name yourself!)
33 error 404 It was specified as a dependency of 'beata'
33 error 404
33 error 404 Note that you can also install from a
33 error 404 tarball, folder, http url, or git url.
34 verbose exit [ 1, true ]
