0 info it worked if it ends with ok
1 verbose cli [ '/Users/blongden/.nvm/versions/node/v0.12.3/bin/node',
1 verbose cli   '/Users/blongden/.nvm/versions/node/v0.12.3/bin/npm',
1 verbose cli   'install',
1 verbose cli   'canvas' ]
2 info using npm@2.9.1
3 info using node@v0.12.3
4 verbose install initial load of /Users/blongden/Documents/Beata/package.json
5 verbose installManyTop reading scoped package data from /Users/blongden/Documents/Beata/node_modules/cheerio/package.json
6 verbose installManyTop reading scoped package data from /Users/blongden/Documents/Beata/node_modules/grunt/package.json
7 verbose installManyTop reading scoped package data from /Users/blongden/Documents/Beata/node_modules/grunt-contrib-watch/package.json
8 verbose installManyTop reading scoped package data from /Users/blongden/Documents/Beata/node_modules/grunt-execute/package.json
9 verbose installManyTop reading scoped package data from /Users/blongden/Documents/Beata/node_modules/grunt-json/package.json
10 verbose installManyTop reading scoped package data from /Users/blongden/Documents/Beata/node_modules/grunt-sass/package.json
11 verbose installManyTop reading scoped package data from /Users/blongden/Documents/Beata/node_modules/handlebars/package.json
12 verbose installManyTop reading scoped package data from /Users/blongden/Documents/Beata/node_modules/http-get/package.json
13 verbose installManyTop reading scoped package data from /Users/blongden/Documents/Beata/node_modules/img-crawler/package.json
14 verbose installManyTop reading scoped package data from /Users/blongden/Documents/Beata/node_modules/json-update/package.json
15 verbose installManyTop reading scoped package data from /Users/blongden/Documents/Beata/node_modules/jsonfile/package.json
16 verbose installManyTop reading scoped package data from /Users/blongden/Documents/Beata/node_modules/node-fs/package.json
17 verbose installManyTop reading scoped package data from /Users/blongden/Documents/Beata/node_modules/request/package.json
18 verbose readDependencies loading dependencies from /Users/blongden/Documents/Beata/package.json
19 silly cache add args [ 'canvas', null ]
20 verbose cache add spec canvas
21 silly cache add parsed spec { raw: 'canvas',
21 silly cache add   scope: null,
21 silly cache add   name: 'canvas',
21 silly cache add   rawSpec: '',
21 silly cache add   spec: '*',
21 silly cache add   type: 'range' }
22 silly addNamed canvas@*
23 verbose addNamed "*" is a valid semver range for canvas
24 silly addNameRange { name: 'canvas', range: '*', hasData: false }
25 silly mapToRegistry name canvas
26 silly mapToRegistry using default registry
27 silly mapToRegistry registry https://registry.npmjs.org/
28 silly mapToRegistry uri https://registry.npmjs.org/canvas
29 verbose addNameRange registry:https://registry.npmjs.org/canvas not in flight; fetching
30 verbose request uri https://registry.npmjs.org/canvas
31 verbose request no auth needed
32 info attempt registry request try #1 at 7:03:38 PM
33 verbose request id 4d18069f9c67b1cf
34 verbose etag "1E0VM74J09VH1CQCM3TU57NM4"
35 http request GET https://registry.npmjs.org/canvas
36 http 304 https://registry.npmjs.org/canvas
37 silly get cb [ 304,
37 silly get   { date: 'Sat, 20 Jun 2015 18:03:36 GMT',
37 silly get     via: '1.1 varnish',
37 silly get     'cache-control': 'max-age=60',
37 silly get     etag: '"1E0VM74J09VH1CQCM3TU57NM4"',
37 silly get     age: '0',
37 silly get     connection: 'keep-alive',
37 silly get     'x-served-by': 'cache-lcy1128-LCY',
37 silly get     'x-cache': 'MISS',
37 silly get     'x-cache-hits': '0',
37 silly get     'x-timer': 'S1434823416.100161,VS0,VE389',
37 silly get     vary: 'Accept' } ]
38 verbose etag https://registry.npmjs.org/canvas from cache
39 verbose get saving canvas to /Users/blongden/.npm/registry.npmjs.org/canvas/.cache.json
40 silly addNameRange number 2 { name: 'canvas', range: '*', hasData: true }
41 silly addNameRange versions [ 'canvas',
41 silly addNameRange   [ '0.0.1',
41 silly addNameRange     '0.0.2',
41 silly addNameRange     '0.0.3',
41 silly addNameRange     '0.0.4',
41 silly addNameRange     '0.0.5',
41 silly addNameRange     '0.0.6',
41 silly addNameRange     '0.0.7',
41 silly addNameRange     '0.0.8',
41 silly addNameRange     '0.1.0',
41 silly addNameRange     '0.2.0',
41 silly addNameRange     '0.2.1',
41 silly addNameRange     '0.3.0',
41 silly addNameRange     '0.3.1',
41 silly addNameRange     '0.3.2',
41 silly addNameRange     '0.3.3',
41 silly addNameRange     '0.4.0',
41 silly addNameRange     '0.4.1',
41 silly addNameRange     '0.4.2',
41 silly addNameRange     '0.4.3',
41 silly addNameRange     '0.5.0',
41 silly addNameRange     '0.5.1',
41 silly addNameRange     '0.5.2',
41 silly addNameRange     '0.5.3',
41 silly addNameRange     '0.5.4',
41 silly addNameRange     '0.6.0',
41 silly addNameRange     '0.7.0',
41 silly addNameRange     '0.7.1',
41 silly addNameRange     '0.7.2',
41 silly addNameRange     '0.7.3',
41 silly addNameRange     '0.8.0',
41 silly addNameRange     '0.8.1',
41 silly addNameRange     '0.8.2',
41 silly addNameRange     '0.8.3',
41 silly addNameRange     '0.9.0',
41 silly addNameRange     '0.10.0',
41 silly addNameRange     '0.10.1',
41 silly addNameRange     '0.10.2',
41 silly addNameRange     '0.10.3',
41 silly addNameRange     '0.11.0',
41 silly addNameRange     '0.11.1',
41 silly addNameRange     '0.11.2',
41 silly addNameRange     '0.11.3',
41 silly addNameRange     '0.12.0',
41 silly addNameRange     '0.12.1',
41 silly addNameRange     '0.13.0',
41 silly addNameRange     '0.13.1',
41 silly addNameRange     '1.0.0',
41 silly addNameRange     '1.0.1',
41 silly addNameRange     '1.0.2',
41 silly addNameRange     '1.0.3',
41 silly addNameRange     '1.0.4',
41 silly addNameRange     '1.1.0',
41 silly addNameRange     '1.1.1',
41 silly addNameRange     '1.1.2',
41 silly addNameRange     '1.1.3',
41 silly addNameRange     '1.1.4',
41 silly addNameRange     '1.1.5',
41 silly addNameRange     '1.1.6',
41 silly addNameRange     '1.2.0',
41 silly addNameRange     '1.2.1',
41 silly addNameRange     '1.2.2',
41 silly addNameRange     '1.2.3' ] ]
42 silly addNamed canvas@1.2.3
43 verbose addNamed "1.2.3" is a plain semver version for canvas
44 silly cache afterAdd canvas@1.2.3
45 verbose afterAdd /Users/blongden/.npm/canvas/1.2.3/package/package.json not in flight; writing
46 verbose afterAdd /Users/blongden/.npm/canvas/1.2.3/package/package.json written
47 silly install resolved [ { name: 'canvas',
47 silly install resolved     description: 'Canvas graphics API backed by Cairo',
47 silly install resolved     version: '1.2.3',
47 silly install resolved     author: { name: 'TJ Holowaychuk', email: 'tj@learnboost.com' },
47 silly install resolved     contributors: [ [Object], [Object], [Object] ],
47 silly install resolved     keywords:
47 silly install resolved      [ 'canvas',
47 silly install resolved        'graphic',
47 silly install resolved        'graphics',
47 silly install resolved        'pixman',
47 silly install resolved        'cairo',
47 silly install resolved        'image',
47 silly install resolved        'images',
47 silly install resolved        'pdf' ],
47 silly install resolved     homepage: 'https://github.com/learnboost/node-canvas',
47 silly install resolved     repository:
47 silly install resolved      { type: 'git',
47 silly install resolved        url: 'git://github.com/learnboost/node-canvas.git' },
47 silly install resolved     scripts: { test: 'make test', install: 'node-gyp rebuild' },
47 silly install resolved     dependencies: { nan: '^1.8.4' },
47 silly install resolved     devDependencies: { express: '3.0', jade: '0.28.1', mocha: '*', should: '*' },
47 silly install resolved     engines: { node: '>= 0.6.0' },
47 silly install resolved     main: './lib/canvas.js',
47 silly install resolved     license: 'MIT',
47 silly install resolved     gypfile: true,
47 silly install resolved     gitHead: 'a7c9c0ddb556d8a5c5f683e9f41075ad9cda94e8',
47 silly install resolved     bugs: { url: 'https://github.com/learnboost/node-canvas/issues' },
47 silly install resolved     _id: 'canvas@1.2.3',
47 silly install resolved     _shasum: 'bf4124cc360854a67486211120106cdd69744a58',
47 silly install resolved     _from: 'canvas@*',
47 silly install resolved     _npmVersion: '2.9.1',
47 silly install resolved     _nodeVersion: '0.12.3',
47 silly install resolved     _npmUser: { name: 'tootallnate', email: 'nathan@tootallnate.net' },
47 silly install resolved     maintainers: [ [Object], [Object], [Object], [Object], [Object] ],
47 silly install resolved     dist:
47 silly install resolved      { shasum: 'bf4124cc360854a67486211120106cdd69744a58',
47 silly install resolved        tarball: 'http://registry.npmjs.org/canvas/-/canvas-1.2.3.tgz' },
47 silly install resolved     directories: {},
47 silly install resolved     _resolved: 'https://registry.npmjs.org/canvas/-/canvas-1.2.3.tgz',
47 silly install resolved     readme: 'ERROR: No README data found!' } ]
48 info install canvas@1.2.3 into /Users/blongden/Documents/Beata
49 info installOne canvas@1.2.3
50 verbose installOne of canvas to /Users/blongden/Documents/Beata not in flight; installing
51 verbose lock using /Users/blongden/.npm/_locks/canvas-d391015437a4359e.lock for /Users/blongden/Documents/Beata/node_modules/canvas
52 silly install write writing canvas 1.2.3 to /Users/blongden/Documents/Beata/node_modules/canvas
53 verbose unbuild node_modules/canvas
54 silly gentlyRm /Users/blongden/Documents/Beata/node_modules/canvas is being purged from base /Users/blongden/Documents/Beata
55 verbose gentlyRm don't care about contents; nuking /Users/blongden/Documents/Beata/node_modules/canvas
56 verbose tar unpack /Users/blongden/.npm/canvas/1.2.3/package.tgz
57 verbose tar unpacking to /Users/blongden/Documents/Beata/node_modules/canvas
58 silly gentlyRm /Users/blongden/Documents/Beata/node_modules/canvas is being purged
59 verbose gentlyRm don't care about contents; nuking /Users/blongden/Documents/Beata/node_modules/canvas
60 silly gunzTarPerm modes [ '755', '644' ]
61 silly gunzTarPerm extractEntry package.json
62 silly gunzTarPerm extractEntry .npmignore
63 silly gunzTarPerm extractEntry index.js
64 silly gunzTarPerm extractEntry History.md
65 silly gunzTarPerm extractEntry Makefile
66 silly gunzTarPerm extractEntry Readme.md
67 silly gunzTarPerm extractEntry binding.gyp
68 silly gunzTarPerm extractEntry .gitmodules
69 silly gunzTarPerm extractEntry install
70 silly gunzTarPerm extractEntry lib/bindings.js
71 silly gunzTarPerm extractEntry lib/canvas.js
72 silly gunzTarPerm extractEntry lib/context2d.js
73 silly gunzTarPerm extractEntry lib/image.js
74 silly gunzTarPerm extractEntry lib/jpegstream.js
75 silly gunzTarPerm extractEntry lib/pixelarray.js
76 silly gunzTarPerm extractEntry lib/pngstream.js
77 silly gunzTarPerm extractEntry .travis.yml
78 silly gunzTarPerm extractEntry src/Image.h
79 silly gunzTarPerm extractEntry src/Canvas.cc
80 silly gunzTarPerm extractEntry src/CanvasGradient.cc
81 silly gunzTarPerm extractEntry src/CanvasGradient.h
82 silly gunzTarPerm extractEntry src/CanvasPattern.cc
83 silly gunzTarPerm extractEntry src/CanvasPattern.h
84 silly gunzTarPerm extractEntry src/CanvasRenderingContext2d.cc
85 silly gunzTarPerm extractEntry src/CanvasRenderingContext2d.h
86 silly gunzTarPerm extractEntry src/FontFace.cc
87 silly gunzTarPerm extractEntry src/FontFace.h
88 silly gunzTarPerm extractEntry src/Image.cc
89 silly gunzTarPerm extractEntry src/Canvas.h
90 silly gunzTarPerm extractEntry src/ImageData.cc
91 silly gunzTarPerm extractEntry src/ImageData.h
92 silly gunzTarPerm extractEntry src/JPEGStream.h
93 silly gunzTarPerm extractEntry src/PNG.h
94 silly gunzTarPerm extractEntry src/PixelArray.cc
95 silly gunzTarPerm extractEntry src/PixelArray.h
96 silly gunzTarPerm extractEntry src/Point.h
97 silly gunzTarPerm extractEntry src/closure.h
98 silly gunzTarPerm extractEntry src/color.cc
99 silly gunzTarPerm extractEntry src/color.h
100 silly gunzTarPerm extractEntry src/init.cc
101 silly gunzTarPerm extractEntry util/cairo_include.sh
102 silly gunzTarPerm extractEntry util/has_cairo_freetype.sh
103 silly gunzTarPerm extractEntry util/has_lib.sh
104 silly gunzTarPerm extractEntry util/lib_lookup.sh
105 verbose write writing to /Users/blongden/Documents/Beata/node_modules/canvas/package.json
106 info preinstall canvas@1.2.3
107 verbose readDependencies loading dependencies from /Users/blongden/Documents/Beata/node_modules/canvas/package.json
108 silly prepareForInstallMany adding nan@^1.8.4 from canvas dependencies
109 verbose readDependencies loading dependencies from /Users/blongden/Documents/Beata/node_modules/canvas/package.json
110 silly cache add args [ 'nan@^1.8.4', null ]
111 verbose cache add spec nan@^1.8.4
112 silly cache add parsed spec { raw: 'nan@^1.8.4',
112 silly cache add   scope: null,
112 silly cache add   name: 'nan',
112 silly cache add   rawSpec: '^1.8.4',
112 silly cache add   spec: '>=1.8.4 <2.0.0',
112 silly cache add   type: 'range' }
113 silly addNamed nan@>=1.8.4 <2.0.0
114 verbose addNamed ">=1.8.4 <2.0.0" is a valid semver range for nan
115 silly addNameRange { name: 'nan', range: '>=1.8.4 <2.0.0', hasData: false }
116 silly mapToRegistry name nan
117 silly mapToRegistry using default registry
118 silly mapToRegistry registry https://registry.npmjs.org/
119 silly mapToRegistry uri https://registry.npmjs.org/nan
120 verbose addNameRange registry:https://registry.npmjs.org/nan not in flight; fetching
121 verbose request uri https://registry.npmjs.org/nan
122 verbose request no auth needed
123 info attempt registry request try #1 at 7:03:39 PM
124 verbose etag "CWMZR9BQ6YD6KL99MGG0CU5U5"
125 http request GET https://registry.npmjs.org/nan
126 http 304 https://registry.npmjs.org/nan
127 silly get cb [ 304,
127 silly get   { date: 'Sat, 20 Jun 2015 18:03:36 GMT',
127 silly get     via: '1.1 varnish',
127 silly get     'cache-control': 'max-age=60',
127 silly get     etag: '"CWMZR9BQ6YD6KL99MGG0CU5U5"',
127 silly get     age: '33',
127 silly get     connection: 'keep-alive',
127 silly get     'x-served-by': 'cache-lcy1127-LCY',
127 silly get     'x-cache': 'HIT',
127 silly get     'x-cache-hits': '1',
127 silly get     'x-timer': 'S1434823416.801775,VS0,VE0',
127 silly get     vary: 'Accept' } ]
128 verbose etag https://registry.npmjs.org/nan from cache
129 verbose get saving nan to /Users/blongden/.npm/registry.npmjs.org/nan/.cache.json
130 silly addNameRange number 2 { name: 'nan', range: '>=1.8.4 <2.0.0', hasData: true }
131 silly addNameRange versions [ 'nan',
131 silly addNameRange   [ '0.3.0-wip',
131 silly addNameRange     '0.3.0-wip2',
131 silly addNameRange     '0.3.0',
131 silly addNameRange     '0.3.1',
131 silly addNameRange     '0.3.2',
131 silly addNameRange     '0.4.0',
131 silly addNameRange     '0.4.1',
131 silly addNameRange     '0.4.2',
131 silly addNameRange     '0.4.3',
131 silly addNameRange     '0.4.4',
131 silly addNameRange     '0.5.0',
131 silly addNameRange     '0.5.1',
131 silly addNameRange     '0.5.2',
131 silly addNameRange     '0.6.0',
131 silly addNameRange     '0.7.0',
131 silly addNameRange     '0.7.1',
131 silly addNameRange     '0.8.0',
131 silly addNameRange     '1.0.0',
131 silly addNameRange     '1.1.0',
131 silly addNameRange     '1.1.1',
131 silly addNameRange     '1.1.2',
131 silly addNameRange     '1.2.0',
131 silly addNameRange     '1.3.0',
131 silly addNameRange     '1.4.0',
131 silly addNameRange     '1.4.1',
131 silly addNameRange     '1.5.0',
131 silly addNameRange     '1.4.2',
131 silly addNameRange     '1.4.3',
131 silly addNameRange     '1.5.1',
131 silly addNameRange     '1.5.2',
131 silly addNameRange     '1.6.0',
131 silly addNameRange     '1.5.3',
131 silly addNameRange     '1.6.1',
131 silly addNameRange     '1.6.2',
131 silly addNameRange     '1.7.0',
131 silly addNameRange     '1.8.0',
131 silly addNameRange     '1.8.1',
131 silly addNameRange     '1.8.2',
131 silly addNameRange     '1.8.3',
131 silly addNameRange     '1.8.4' ] ]
132 silly addNamed nan@1.8.4
133 verbose addNamed "1.8.4" is a plain semver version for nan
134 silly cache afterAdd nan@1.8.4
135 verbose afterAdd /Users/blongden/.npm/nan/1.8.4/package/package.json not in flight; writing
136 verbose afterAdd /Users/blongden/.npm/nan/1.8.4/package/package.json written
137 silly install resolved [ { name: 'nan',
137 silly install resolved     version: '1.8.4',
137 silly install resolved     description: 'Native Abstractions for Node.js: C++ header for Node 0.8->0.12 compatibility',
137 silly install resolved     main: 'include_dirs.js',
137 silly install resolved     repository: { type: 'git', url: 'git://github.com/iojs/nan.git' },
137 silly install resolved     scripts:
137 silly install resolved      { test: 'tap --gc test/js/*-test.js',
137 silly install resolved        'rebuild-tests': 'pangyp rebuild --directory test' },
137 silly install resolved     contributors:
137 silly install resolved      [ [Object],
137 silly install resolved        [Object],
137 silly install resolved        [Object],
137 silly install resolved        [Object],
137 silly install resolved        [Object],
137 silly install resolved        [Object],
137 silly install resolved        [Object] ],
137 silly install resolved     devDependencies:
137 silly install resolved      { bindings: '~1.2.1',
137 silly install resolved        'node-gyp': '~1.0.2',
137 silly install resolved        pangyp: '~2.0.1',
137 silly install resolved        tap: '~0.7.1',
137 silly install resolved        xtend: '~4.0.0' },
137 silly install resolved     license: 'MIT',
137 silly install resolved     gitHead: 'ed3bbf4ced0cf7937b4e4164766797f71aa97f3d',
137 silly install resolved     bugs: { url: 'https://github.com/iojs/nan/issues' },
137 silly install resolved     homepage: 'https://github.com/iojs/nan#readme',
137 silly install resolved     _id: 'nan@1.8.4',
137 silly install resolved     _shasum: '3c76b5382eab33e44b758d2813ca9d92e9342f34',
137 silly install resolved     _from: 'nan@>=1.8.4 <2.0.0',
137 silly install resolved     _npmVersion: '2.8.3',
137 silly install resolved     _nodeVersion: '0.12.2',
137 silly install resolved     _npmUser: { name: 'kkoopa', email: 'bbyholm@abo.fi' },
137 silly install resolved     maintainers: [ [Object], [Object] ],
137 silly install resolved     dist:
137 silly install resolved      { shasum: '3c76b5382eab33e44b758d2813ca9d92e9342f34',
137 silly install resolved        tarball: 'http://registry.npmjs.org/nan/-/nan-1.8.4.tgz' },
137 silly install resolved     directories: {},
137 silly install resolved     _resolved: 'https://registry.npmjs.org/nan/-/nan-1.8.4.tgz',
137 silly install resolved     readme: 'ERROR: No README data found!' } ]
138 info install nan@1.8.4 into /Users/blongden/Documents/Beata/node_modules/canvas
139 info installOne nan@1.8.4
140 verbose installOne of nan to /Users/blongden/Documents/Beata/node_modules/canvas not in flight; installing
141 verbose lock using /Users/blongden/.npm/_locks/nan-26c01aa22e274e9c.lock for /Users/blongden/Documents/Beata/node_modules/canvas/node_modules/nan
142 silly install write writing nan 1.8.4 to /Users/blongden/Documents/Beata/node_modules/canvas/node_modules/nan
143 verbose unbuild node_modules/canvas/node_modules/nan
144 silly gentlyRm /Users/blongden/Documents/Beata/node_modules/canvas/node_modules/nan is being purged from base /Users/blongden/Documents/Beata
145 verbose gentlyRm don't care about contents; nuking /Users/blongden/Documents/Beata/node_modules/canvas/node_modules/nan
146 verbose tar unpack /Users/blongden/.npm/nan/1.8.4/package.tgz
147 verbose tar unpacking to /Users/blongden/Documents/Beata/node_modules/canvas/node_modules/nan
148 silly gentlyRm /Users/blongden/Documents/Beata/node_modules/canvas/node_modules/nan is being purged
149 verbose gentlyRm don't care about contents; nuking /Users/blongden/Documents/Beata/node_modules/canvas/node_modules/nan
150 silly gunzTarPerm modes [ '755', '644' ]
151 silly gunzTarPerm extractEntry package.json
152 silly gunzTarPerm modified mode [ 'package.json', 436, 420 ]
153 silly gunzTarPerm extractEntry README.md
154 silly gunzTarPerm modified mode [ 'README.md', 436, 420 ]
155 silly gunzTarPerm extractEntry include_dirs.js
156 silly gunzTarPerm modified mode [ 'include_dirs.js', 436, 420 ]
157 silly gunzTarPerm extractEntry LICENSE.md
158 silly gunzTarPerm modified mode [ 'LICENSE.md', 436, 420 ]
159 silly gunzTarPerm extractEntry .dntrc
160 silly gunzTarPerm modified mode [ '.dntrc', 436, 420 ]
161 silly gunzTarPerm extractEntry appveyor.yml
162 silly gunzTarPerm modified mode [ 'appveyor.yml', 436, 420 ]
163 silly gunzTarPerm extractEntry nan.h
164 silly gunzTarPerm modified mode [ 'nan.h', 436, 420 ]
165 silly gunzTarPerm extractEntry nan_implementation_12_inl.h
166 silly gunzTarPerm modified mode [ 'nan_implementation_12_inl.h', 436, 420 ]
167 silly gunzTarPerm extractEntry nan_implementation_pre_12_inl.h
168 silly gunzTarPerm modified mode [ 'nan_implementation_pre_12_inl.h', 436, 420 ]
169 silly gunzTarPerm extractEntry nan_new.h
170 silly gunzTarPerm modified mode [ 'nan_new.h', 436, 420 ]
171 silly gunzTarPerm extractEntry nan_string_bytes.h
172 silly gunzTarPerm modified mode [ 'nan_string_bytes.h', 436, 420 ]
173 silly gunzTarPerm extractEntry CHANGELOG.md
174 silly gunzTarPerm modified mode [ 'CHANGELOG.md', 436, 420 ]
175 verbose write writing to /Users/blongden/Documents/Beata/node_modules/canvas/node_modules/nan/package.json
176 info preinstall nan@1.8.4
177 verbose readDependencies loading dependencies from /Users/blongden/Documents/Beata/node_modules/canvas/node_modules/nan/package.json
178 verbose readDependencies loading dependencies from /Users/blongden/Documents/Beata/node_modules/canvas/node_modules/nan/package.json
179 silly install resolved []
180 verbose about to build /Users/blongden/Documents/Beata/node_modules/canvas/node_modules/nan
181 info build /Users/blongden/Documents/Beata/node_modules/canvas/node_modules/nan
182 info linkStuff nan@1.8.4
183 silly linkStuff nan@1.8.4 has /Users/blongden/Documents/Beata/node_modules/canvas/node_modules as its parent node_modules
184 verbose linkBins nan@1.8.4
185 verbose linkMans nan@1.8.4
186 verbose rebuildBundles nan@1.8.4
187 info install nan@1.8.4
188 info postinstall nan@1.8.4
189 verbose unlock done using /Users/blongden/.npm/_locks/nan-26c01aa22e274e9c.lock for /Users/blongden/Documents/Beata/node_modules/canvas/node_modules/nan
190 verbose about to build /Users/blongden/Documents/Beata/node_modules/canvas
191 info build /Users/blongden/Documents/Beata/node_modules/canvas
192 info linkStuff canvas@1.2.3
193 silly linkStuff canvas@1.2.3 has /Users/blongden/Documents/Beata/node_modules as its parent node_modules
194 verbose linkBins canvas@1.2.3
195 verbose linkMans canvas@1.2.3
196 verbose rebuildBundles canvas@1.2.3
197 verbose rebuildBundles [ 'nan' ]
198 info install canvas@1.2.3
199 verbose unsafe-perm in lifecycle true
200 info canvas@1.2.3 Failed to exec install script
201 verbose unlock done using /Users/blongden/.npm/_locks/canvas-d391015437a4359e.lock for /Users/blongden/Documents/Beata/node_modules/canvas
202 verbose stack Error: canvas@1.2.3 install: `node-gyp rebuild`
202 verbose stack Exit status 1
202 verbose stack     at EventEmitter.<anonymous> (/Users/blongden/.nvm/versions/node/v0.12.3/lib/node_modules/npm/lib/utils/lifecycle.js:213:16)
202 verbose stack     at EventEmitter.emit (events.js:110:17)
202 verbose stack     at ChildProcess.<anonymous> (/Users/blongden/.nvm/versions/node/v0.12.3/lib/node_modules/npm/lib/utils/spawn.js:24:14)
202 verbose stack     at ChildProcess.emit (events.js:110:17)
202 verbose stack     at maybeClose (child_process.js:1015:16)
202 verbose stack     at Process.ChildProcess._handle.onexit (child_process.js:1087:5)
203 verbose pkgid canvas@1.2.3
204 verbose cwd /Users/blongden/Documents/Beata/js/__functions
205 error Darwin 14.3.0
206 error argv "/Users/blongden/.nvm/versions/node/v0.12.3/bin/node" "/Users/blongden/.nvm/versions/node/v0.12.3/bin/npm" "install" "canvas"
207 error node v0.12.3
208 error npm  v2.9.1
209 error code ELIFECYCLE
210 error canvas@1.2.3 install: `node-gyp rebuild`
210 error Exit status 1
211 error Failed at the canvas@1.2.3 install script 'node-gyp rebuild'.
211 error This is most likely a problem with the canvas package,
211 error not with npm itself.
211 error Tell the author that this fails on your system:
211 error     node-gyp rebuild
211 error You can get their info via:
211 error     npm owner ls canvas
211 error There is likely additional logging output above.
212 verbose exit [ 1, true ]
213 verbose unbuild node_modules/canvas
214 info preuninstall canvas@1.2.3
215 info uninstall canvas@1.2.3
216 verbose unbuild rmStuff canvas@1.2.3 from /Users/blongden/Documents/Beata/node_modules
217 info postuninstall canvas@1.2.3
218 silly gentlyRm /Users/blongden/Documents/Beata/node_modules/canvas is being purged from base /Users/blongden/Documents/Beata
219 verbose gentlyRm don't care about contents; nuking /Users/blongden/Documents/Beata/node_modules/canvas
220 silly vacuum-fs purging /Users/blongden/Documents/Beata/node_modules/canvas
221 silly vacuum-fs quitting because other entries in /Users/blongden/Documents/Beata/node_modules
